2026-04-10 18:10:55,499 INFO:root:MainThread:Loaded env file: D:\vibe projects\crafty\.env (HUNT_DEBUG=1)
2026-04-10 18:10:55,503 INFO:root:MainThread:TargetHuntingService env loaded: D:\vibe projects\crafty\.env (HUNT_DEBUG=1)
2026-04-10 18:10:55,516 INFO:bot_service:MainThread:Initializing TargetHuntingService...
2026-04-10 18:10:55,675 INFO:database:MainThread:Загружено 90 коллекций и 1981 скинов
2026-04-10 18:10:55,679 INFO:api_client:MainThread:Disk price cache found: path=D:\vibe projects\crafty\market_prices_cache.pkl.gz size_bytes=6647135 mtime=1775807194.8942134
2026-04-10 18:10:55,683 DEBUG:urllib3.connectionpool:MainThread:Starting new HTTPS connection (1): market.csgo.com:443
2026-04-10 18:10:56,270 DEBUG:urllib3.connectionpool:MainThread:https://market.csgo.com:443 "GET /api/v2/prices/USD.json?key=vPShB3R1Onp4yZdVwGNnVBcd7eZYI5N HTTP/1.1" 200 258645
2026-04-10 18:10:56,464 INFO:api_client:MainThread:Загрузка цен из API...
2026-04-10 18:10:56,465 DEBUG:urllib3.connectionpool:MainThread:Resetting dropped connection: market.csgo.com
2026-04-10 18:10:56,889 DEBUG:urllib3.connectionpool:MainThread:https://market.csgo.com:443 "GET /api/full-export/USD.json?key=vPShB3R1Onp4yZdVwGNnVBcd7eZYI5N HTTP/1.1" 200 None
2026-04-10 18:10:56,889 INFO:api_client:MainThread:Загрузка 133 файлов...
2026-04-10 18:10:56,890 INFO:api_client:MainThread:Загрузка файла 1/133: 17758335847452.json
2026-04-10 18:10:57,432 DEBUG:urllib3.connectionpool:MainThread:https://market.csgo.com:443 "GET /api/full-export/17758335847452.json?key=vPShB3R1Onp4yZdVwGNnVBcd7eZYI5N HTTP/1.1" 200 328535
2026-04-10 18:10:57,656 INFO:api_client:MainThread:Файл 17758335847452.json: обработано 4621 лотов
2026-04-10 18:10:57,656 INFO:api_client:MainThread:Загрузка файла 2/133: 17758335852121.json
2026-04-10 18:10:57,657 DEBUG:urllib3.connectionpool:MainThread:Resetting dropped connection: market.csgo.com
2026-04-10 18:10:58,118 DEBUG:urllib3.connectionpool:MainThread:https://market.csgo.com:443 "GET /api/full-export/17758335852121.json?key=vPShB3R1Onp4yZdVwGNnVBcd7eZYI5N HTTP/1.1" 200 332959
2026-04-10 18:10:58,621 INFO:api_client:MainThread:Файл 17758335852121.json: обработано 3978 лотов
2026-04-10 18:10:58,622 INFO:api_client:MainThread:Загрузка файла 3/133: 17758335856532.json
2026-04-10 18:10:58,622 DEBUG:urllib3.connectionpool:MainThread:Resetting dropped connection: market.csgo.com
2026-04-10 18:10:59,015 DEBUG:urllib3.connectionpool:MainThread:https://market.csgo.com:443 "GET /api/full-export/17758335856532.json?key=vPShB3R1Onp4yZdVwGNnVBcd7eZYI5N HTTP/1.1" 200 384533
2026-04-10 18:10:59,730 INFO:api_client:MainThread:Файл 17758335856532.json: обработано 4037 лотов
2026-04-10 18:10:59,730 INFO:api_client:MainThread:Загрузка файла 4/133: 17758335862033.json
2026-04-10 18:10:59,732 DEBUG:urllib3.connectionpool:MainThread:Resetting dropped connection: market.csgo.com
2026-04-10 18:11:00,174 DEBUG:urllib3.connectionpool:MainThread:https://market.csgo.com:443 "GET /api/full-export/17758335862033.json?key=vPShB3R1Onp4yZdVwGNnVBcd7eZYI5N HTTP/1.1" 200 433363
2026-04-10 18:11:00,546 INFO:api_client:MainThread:Файл 17758335862033.json: обработано 5702 лотов
2026-04-10 18:11:00,546 INFO:api_client:MainThread:Загрузка файла 5/133: 17758335867598.json
2026-04-10 18:11:00,546 DEBUG:urllib3.connectionpool:MainThread:Resetting dropped connection: market.csgo.com
2026-04-10 18:11:00,965 DEBUG:urllib3.connectionpool:MainThread:https://market.csgo.com:443 "GET /api/full-export/17758335867598.json?key=vPShB3R1Onp4yZdVwGNnVBcd7eZYI5N HTTP/1.1" 200 299723
2026-04-10 18:11:01,611 INFO:api_client:MainThread:Файл 17758335867598.json: обработано 8965 лотов
2026-04-10 18:11:01,611 INFO:api_client:MainThread:Загрузка файла 6/133: 17758335872928.json
2026-04-10 18:11:01,612 DEBUG:urllib3.connectionpool:MainThread:Resetting dropped connection: market.csgo.com
2026-04-10 18:11:02,081 DEBUG:urllib3.connectionpool:MainThread:https://market.csgo.com:443 "GET /api/full-export/17758335872928.json?key=vPShB3R1Onp4yZdVwGNnVBcd7eZYI5N HTTP/1.1" 200 291753
2026-04-10 18:11:02,711 INFO:api_client:MainThread:Файл 17758335872928.json: обработано 4887 лотов
2026-04-10 18:11:02,711 INFO:api_client:MainThread:Загрузка файла 7/133: 17758335877694.json
2026-04-10 18:11:02,712 DEBUG:urllib3.connectionpool:MainThread:Resetting dropped connection: market.csgo.com
2026-04-10 18:11:03,210 DEBUG:urllib3.connectionpool:MainThread:https://market.csgo.com:443 "GET /api/full-export/17758335877694.json?key=vPShB3R1Onp4yZdVwGNnVBcd7eZYI5N HTTP/1.1" 200 395615
2026-04-10 18:11:03,861 INFO:api_client:MainThread:Файл 17758335877694.json: обработано 5636 лотов
2026-04-10 18:11:03,862 INFO:api_client:MainThread:Загрузка файла 8/133: 17758335882844.json
2026-04-10 18:11:03,862 DEBUG:urllib3.connectionpool:MainThread:Resetting dropped connection: market.csgo.com
2026-04-10 18:11:04,286 DEBUG:urllib3.connectionpool:MainThread:https://market.csgo.com:443 "GET /api/full-export/17758335882844.json?key=vPShB3R1Onp4yZdVwGNnVBcd7eZYI5N HTTP/1.1" 200 428869
2026-04-10 18:11:04,607 INFO:api_client:MainThread:Файл 17758335882844.json: обработано 6184 лотов
2026-04-10 18:11:04,607 INFO:api_client:MainThread:Загрузка файла 9/133: 17758335887934.json
2026-04-10 18:11:04,608 DEBUG:urllib3.connectionpool:MainThread:Resetting dropped connection: market.csgo.com
2026-04-10 18:11:05,976 DEBUG:urllib3.connectionpool:MainThread:https://market.csgo.com:443 "GET /api/full-export/17758335887934.json?key=vPShB3R1Onp4yZdVwGNnVBcd7eZYI5N HTTP/1.1" 200 412505
2026-04-10 18:11:06,628 INFO:api_client:MainThread:Файл 17758335887934.json: обработано 5398 лотов
2026-04-10 18:11:06,628 INFO:api_client:MainThread:Загрузка файла 10/133: 17758335892949.json
2026-04-10 18:11:06,630 DEBUG:urllib3.connectionpool:MainThread:Resetting dropped connection: market.csgo.com
2026-04-10 18:11:07,754 DEBUG:urllib3.connectionpool:MainThread:https://market.csgo.com:443 "GET /api/full-export/17758335892949.json?key=vPShB3R1Onp4yZdVwGNnVBcd7eZYI5N HTTP/1.1" 200 164316
2026-04-10 18:11:08,145 INFO:api_client:MainThread:Файл 17758335892949.json: обработано 1999 лотов
2026-04-10 18:11:08,145 INFO:api_client:MainThread:Загрузка файла 11/133: 17758335896358.json
2026-04-10 18:11:08,148 DEBUG:urllib3.connectionpool:MainThread:Resetting dropped connection: market.csgo.com
2026-04-10 18:11:09,283 DEBUG:urllib3.connectionpool:MainThread:https://market.csgo.com:443 "GET /api/full-export/17758335896358.json?key=vPShB3R1Onp4yZdVwGNnVBcd7eZYI5N HTTP/1.1" 200 108838
2026-04-10 18:11:09,642 INFO:api_client:MainThread:Файл 17758335896358.json: обработано 1703 лотов
2026-04-10 18:11:09,643 INFO:api_client:MainThread:Загрузка файла 12/133: 17758335899382.json
2026-04-10 18:11:09,644 DEBUG:urllib3.connectionpool:MainThread:Resetting dropped connection: market.csgo.com
2026-04-10 18:11:10,774 DEBUG:urllib3.connectionpool:MainThread:https://market.csgo.com:443 "GET /api/full-export/17758335899382.json?key=vPShB3R1Onp4yZdVwGNnVBcd7eZYI5N HTTP/1.1" 200 141609
2026-04-10 18:11:11,135 INFO:api_client:MainThread:Файл 17758335899382.json: обработано 1658 лотов
2026-04-10 18:11:11,136 INFO:api_client:MainThread:Загрузка файла 13/133: 17758335902460.json
2026-04-10 18:11:11,138 DEBUG:urllib3.connectionpool:MainThread:Resetting dropped connection: market.csgo.com
2026-04-10 18:11:12,319 DEBUG:urllib3.connectionpool:MainThread:https://market.csgo.com:443 "GET /api/full-export/17758335902460.json?key=vPShB3R1Onp4yZdVwGNnVBcd7eZYI5N HTTP/1.1" 200 121006
2026-04-10 18:11:12,628 INFO:api_client:MainThread:Файл 17758335902460.json: обработано 1034 лотов
2026-04-10 18:11:12,628 INFO:api_client:MainThread:Загрузка файла 14/133: 17758335905180.json
2026-04-10 18:11:12,630 DEBUG:urllib3.connectionpool:MainThread:Resetting dropped connection: market.csgo.com
2026-04-10 18:11:13,732 DEBUG:urllib3.connectionpool:MainThread:https://market.csgo.com:443 "GET /api/full-export/17758335905180.json?key=vPShB3R1Onp4yZdVwGNnVBcd7eZYI5N HTTP/1.1" 200 107598
2026-04-10 18:11:13,914 INFO:api_client:MainThread:Файл 17758335905180.json: обработано 90 лотов
2026-04-10 18:11:13,914 INFO:api_client:MainThread:Загрузка файла 15/133: 17758335908517.json
2026-04-10 18:11:13,917 DEBUG:urllib3.connectionpool:MainThread:Resetting dropped connection: market.csgo.com
2026-04-10 18:11:15,031 DEBUG:urllib3.connectionpool:MainThread:https://market.csgo.com:443 "GET /api/full-export/17758335908517.json?key=vPShB3R1Onp4yZdVwGNnVBcd7eZYI5N HTTP/1.1" 200 128456
2026-04-10 18:11:15,377 INFO:api_client:MainThread:Файл 17758335908517.json: обработано 452 лотов
2026-04-10 18:11:15,377 INFO:api_client:MainThread:Загрузка файла 16/133: 17758335911797.json
2026-04-10 18:11:15,379 DEBUG:urllib3.connectionpool:MainThread:Resetting dropped connection: market.csgo.com
2026-04-10 18:11:16,443 DEBUG:urllib3.connectionpool:MainThread:https://market.csgo.com:443 "GET /api/full-export/17758335911797.json?key=vPShB3R1Onp4yZdVwGNnVBcd7eZYI5N HTTP/1.1" 200 145838
2026-04-10 18:11:16,783 INFO:api_client:MainThread:Файл 17758335911797.json: обработано 1384 лотов
2026-04-10 18:11:16,783 INFO:api_client:MainThread:Загрузка файла 17/133: 17758335915690.json
2026-04-10 18:11:16,785 DEBUG:urllib3.connectionpool:MainThread:Resetting dropped connection: market.csgo.com
2026-04-10 18:11:17,907 DEBUG:urllib3.connectionpool:MainThread:https://market.csgo.com:443 "GET /api/full-export/17758335915690.json?key=vPShB3R1Onp4yZdVwGNnVBcd7eZYI5N HTTP/1.1" 200 212016
2026-04-10 18:11:18,485 INFO:api_client:MainThread:Файл 17758335915690.json: обработано 5348 лотов
2026-04-10 18:11:18,485 INFO:api_client:MainThread:Загрузка файла 18/133: 17758335920339.json
2026-04-10 18:11:18,490 DEBUG:urllib3.connectionpool:MainThread:Resetting dropped connection: market.csgo.com
2026-04-10 18:11:19,748 DEBUG:urllib3.connectionpool:MainThread:https://market.csgo.com:443 "GET /api/full-export/17758335920339.json?key=vPShB3R1Onp4yZdVwGNnVBcd7eZYI5N HTTP/1.1" 200 219041
2026-04-10 18:11:20,407 INFO:api_client:MainThread:Файл 17758335920339.json: обработано 2799 лотов
2026-04-10 18:11:20,407 INFO:api_client:MainThread:Загрузка файла 19/133: 17758335924174.json
2026-04-10 18:11:20,408 DEBUG:urllib3.connectionpool:MainThread:Resetting dropped connection: market.csgo.com
2026-04-10 18:11:21,559 DEBUG:urllib3.connectionpool:MainThread:https://market.csgo.com:443 "GET /api/full-export/17758335924174.json?key=vPShB3R1Onp4yZdVwGNnVBcd7eZYI5N HTTP/1.1" 200 143267
2026-04-10 18:11:21,849 INFO:api_client:MainThread:Файл 17758335924174.json: обработано 920 лотов
2026-04-10 18:11:21,849 INFO:api_client:MainThread:Загрузка файла 20/133: 17758335927966.json
2026-04-10 18:11:21,852 DEBUG:urllib3.connectionpool:MainThread:Resetting dropped connection: market.csgo.com
2026-04-10 18:11:23,596 DEBUG:urllib3.connectionpool:MainThread:https://market.csgo.com:443 "GET /api/full-export/17758335927966.json?key=vPShB3R1Onp4yZdVwGNnVBcd7eZYI5N HTTP/1.1" 200 255032
2026-04-10 18:11:24,304 INFO:api_client:MainThread:Файл 17758335927966.json: обработано 3049 лотов
2026-04-10 18:11:24,305 INFO:api_client:MainThread:Загрузка файла 21/133: 17758335932087.json
2026-04-10 18:11:24,307 DEBUG:urllib3.connectionpool:MainThread:Resetting dropped connection: market.csgo.com
2026-04-10 18:11:25,511 DEBUG:urllib3.connectionpool:MainThread:https://market.csgo.com:443 "GET /api/full-export/17758335932087.json?key=vPShB3R1Onp4yZdVwGNnVBcd7eZYI5N HTTP/1.1" 200 306511
2026-04-10 18:11:26,266 INFO:api_client:MainThread:Файл 17758335932087.json: обработано 4623 лотов
2026-04-10 18:11:26,266 INFO:api_client:MainThread:Загрузка файла 22/133: 17758335943308.json
2026-04-10 18:11:26,269 DEBUG:urllib3.connectionpool:MainThread:Resetting dropped connection: market.csgo.com
2026-04-10 18:11:27,449 DEBUG:urllib3.connectionpool:MainThread:https://market.csgo.com:443 "GET /api/full-export/17758335943308.json?key=vPShB3R1Onp4yZdVwGNnVBcd7eZYI5N HTTP/1.1" 200 335678
2026-04-10 18:11:28,469 INFO:api_client:MainThread:Файл 17758335943308.json: обработано 6076 лотов
2026-04-10 18:11:28,469 INFO:api_client:MainThread:Загрузка файла 23/133: 17758335947997.json
2026-04-10 18:11:28,470 DEBUG:urllib3.connectionpool:MainThread:Resetting dropped connection: market.csgo.com
2026-04-10 18:11:29,552 DEBUG:urllib3.connectionpool:MainThread:https://market.csgo.com:443 "GET /api/full-export/17758335947997.json?key=vPShB3R1Onp4yZdVwGNnVBcd7eZYI5N HTTP/1.1" 200 350419
2026-04-10 18:11:30,581 INFO:api_client:MainThread:Файл 17758335947997.json: обработано 7202 лотов
2026-04-10 18:11:30,582 INFO:api_client:MainThread:Загрузка файла 24/133: 17758335953100.json
2026-04-10 18:11:30,583 DEBUG:urllib3.connectionpool:MainThread:Resetting dropped connection: market.csgo.com
2026-04-10 18:11:31,721 DEBUG:urllib3.connectionpool:MainThread:https://market.csgo.com:443 "GET /api/full-export/17758335953100.json?key=vPShB3R1Onp4yZdVwGNnVBcd7eZYI5N HTTP/1.1" 200 287042
2026-04-10 18:11:32,845 INFO:api_client:MainThread:Файл 17758335953100.json: обработано 6754 лотов
2026-04-10 18:11:32,846 INFO:api_client:MainThread:Загрузка файла 25/133: 17758335957934.json
2026-04-10 18:11:32,848 DEBUG:urllib3.connectionpool:MainThread:Resetting dropped connection: market.csgo.com
2026-04-10 18:11:33,998 DEBUG:urllib3.connectionpool:MainThread:https://market.csgo.com:443 "GET /api/full-export/17758335957934.json?key=vPShB3R1Onp4yZdVwGNnVBcd7eZYI5N HTTP/1.1" 200 347558
2026-04-10 18:11:34,840 INFO:api_client:MainThread:Файл 17758335957934.json: обработано 5540 лотов
2026-04-10 18:11:34,840 INFO:api_client:MainThread:Загрузка файла 26/133: 17758335963665.json
2026-04-10 18:11:34,841 DEBUG:urllib3.connectionpool:MainThread:Resetting dropped connection: market.csgo.com
2026-04-10 18:11:35,932 DEBUG:urllib3.connectionpool:MainThread:https://market.csgo.com:443 "GET /api/full-export/17758335963665.json?key=vPShB3R1Onp4yZdVwGNnVBcd7eZYI5N HTTP/1.1" 200 391817
2026-04-10 18:11:36,877 INFO:api_client:MainThread:Файл 17758335963665.json: обработано 5959 лотов
2026-04-10 18:11:36,877 INFO:api_client:MainThread:Загрузка файла 27/133: 17758335968978.json
2026-04-10 18:11:36,879 DEBUG:urllib3.connectionpool:MainThread:Resetting dropped connection: market.csgo.com
2026-04-10 18:11:38,081 DEBUG:urllib3.connectionpool:MainThread:https://market.csgo.com:443 "GET /api/full-export/17758335968978.json?key=vPShB3R1Onp4yZdVwGNnVBcd7eZYI5N HTTP/1.1" 200 382580
2026-04-10 18:11:39,122 INFO:api_client:MainThread:Файл 17758335968978.json: обработано 5824 лотов
2026-04-10 18:11:39,122 INFO:api_client:MainThread:Загрузка файла 28/133: 17758335973790.json
2026-04-10 18:11:39,124 DEBUG:urllib3.connectionpool:MainThread:Resetting dropped connection: market.csgo.com
2026-04-10 18:11:40,252 DEBUG:urllib3.connectionpool:MainThread:https://market.csgo.com:443 "GET /api/full-export/17758335973790.json?key=vPShB3R1Onp4yZdVwGNnVBcd7eZYI5N HTTP/1.1" 200 361029
2026-04-10 18:11:41,270 INFO:api_client:MainThread:Файл 17758335973790.json: обработано 5804 лотов
2026-04-10 18:11:41,271 INFO:api_client:MainThread:Загрузка файла 29/133: 17758335978516.json
2026-04-10 18:11:41,275 DEBUG:urllib3.connectionpool:MainThread:Resetting dropped connection: market.csgo.com
2026-04-10 18:11:42,416 DEBUG:urllib3.connectionpool:MainThread:https://market.csgo.com:443 "GET /api/full-export/17758335978516.json?key=vPShB3R1Onp4yZdVwGNnVBcd7eZYI5N HTTP/1.1" 200 309977
2026-04-10 18:11:43,275 INFO:api_client:MainThread:Файл 17758335978516.json: обработано 5925 лотов
2026-04-10 18:11:43,275 INFO:api_client:MainThread:Загрузка файла 30/133: 17758335983513.json
2026-04-10 18:11:43,278 DEBUG:urllib3.connectionpool:MainThread:Resetting dropped connection: market.csgo.com
2026-04-10 18:11:44,382 DEBUG:urllib3.connectionpool:MainThread:https://market.csgo.com:443 "GET /api/full-export/17758335983513.json?key=vPShB3R1Onp4yZdVwGNnVBcd7eZYI5N HTTP/1.1" 200 386235
2026-04-10 18:11:45,450 INFO:api_client:MainThread:Файл 17758335983513.json: обработано 6199 лотов
2026-04-10 18:11:45,450 INFO:api_client:MainThread:Загрузка файла 31/133: 17758335987835.json
2026-04-10 18:11:45,451 DEBUG:urllib3.connectionpool:MainThread:Resetting dropped connection: market.csgo.com
2026-04-10 18:11:46,546 DEBUG:urllib3.connectionpool:MainThread:https://market.csgo.com:443 "GET /api/full-export/17758335987835.json?key=vPShB3R1Onp4yZdVwGNnVBcd7eZYI5N HTTP/1.1" 200 277391
2026-04-10 18:11:47,240 INFO:api_client:MainThread:Файл 17758335987835.json: обработано 3853 лотов
2026-04-10 18:11:47,241 INFO:api_client:MainThread:Загрузка файла 32/133: 17758335992058.json
2026-04-10 18:11:47,243 DEBUG:urllib3.connectionpool:MainThread:Resetting dropped connection: market.csgo.com
2026-04-10 18:11:48,314 DEBUG:urllib3.connectionpool:MainThread:https://market.csgo.com:443 "GET /api/full-export/17758335992058.json?key=vPShB3R1Onp4yZdVwGNnVBcd7eZYI5N HTTP/1.1" 200 305437
2026-04-10 18:11:49,088 INFO:api_client:MainThread:Файл 17758335992058.json: обработано 4932 лотов
2026-04-10 18:11:49,088 INFO:api_client:MainThread:Загрузка файла 33/133: 17758335996268.json
2026-04-10 18:11:49,090 DEBUG:urllib3.connectionpool:MainThread:Resetting dropped connection: market.csgo.com
2026-04-10 18:11:50,483 DEBUG:urllib3.connectionpool:MainThread:https://market.csgo.com:443 "GET /api/full-export/17758335996268.json?key=vPShB3R1Onp4yZdVwGNnVBcd7eZYI5N HTTP/1.1" 200 300012
2026-04-10 18:11:51,467 INFO:api_client:MainThread:Файл 17758335996268.json: обработано 6949 лотов
2026-04-10 18:11:51,467 INFO:api_client:MainThread:Загрузка файла 34/133: 17758336000610.json
2026-04-10 18:11:51,469 DEBUG:urllib3.connectionpool:MainThread:Resetting dropped connection: market.csgo.com
2026-04-10 18:11:52,659 DEBUG:urllib3.connectionpool:MainThread:https://market.csgo.com:443 "GET /api/full-export/17758336000610.json?key=vPShB3R1Onp4yZdVwGNnVBcd7eZYI5N HTTP/1.1" 200 299211
2026-04-10 18:11:53,158 INFO:api_client:MainThread:Файл 17758336000610.json: обработано 4265 лотов
2026-04-10 18:11:53,159 INFO:api_client:MainThread:Загрузка файла 35/133: 17758336005255.json
2026-04-10 18:11:53,161 DEBUG:urllib3.connectionpool:MainThread:Resetting dropped connection: market.csgo.com
2026-04-10 18:11:54,334 DEBUG:urllib3.connectionpool:MainThread:https://market.csgo.com:443 "GET /api/full-export/17758336005255.json?key=vPShB3R1Onp4yZdVwGNnVBcd7eZYI5N HTTP/1.1" 200 222582
2026-04-10 18:11:54,879 INFO:api_client:MainThread:Файл 17758336005255.json: обработано 2771 лотов
2026-04-10 18:11:54,879 INFO:api_client:MainThread:Загрузка файла 36/133: 17758336009649.json
2026-04-10 18:11:54,880 DEBUG:urllib3.connectionpool:MainThread:Resetting dropped connection: market.csgo.com
2026-04-10 18:11:55,884 DEBUG:urllib3.connectionpool:MainThread:https://market.csgo.com:443 "GET /api/full-export/17758336009649.json?key=vPShB3R1Onp4yZdVwGNnVBcd7eZYI5N HTTP/1.1" 200 236797
2026-04-10 18:11:56,407 INFO:api_client:MainThread:Файл 17758336009649.json: обработано 2733 лотов
2026-04-10 18:11:56,407 INFO:api_client:MainThread:Загрузка файла 37/133: 17758336013808.json
2026-04-10 18:11:56,409 DEBUG:urllib3.connectionpool:MainThread:Resetting dropped connection: market.csgo.com
2026-04-10 18:11:57,552 DEBUG:urllib3.connectionpool:MainThread:https://market.csgo.com:443 "GET /api/full-export/17758336013808.json?key=vPShB3R1Onp4yZdVwGNnVBcd7eZYI5N HTTP/1.1" 200 297767
2026-04-10 18:11:58,304 INFO:api_client:MainThread:Файл 17758336013808.json: обработано 5388 лотов
2026-04-10 18:11:58,304 INFO:api_client:MainThread:Загрузка файла 38/133: 17758336018833.json
2026-04-10 18:11:58,306 DEBUG:urllib3.connectionpool:MainThread:Resetting dropped connection: market.csgo.com
2026-04-10 18:11:59,545 DEBUG:urllib3.connectionpool:MainThread:https://market.csgo.com:443 "GET /api/full-export/17758336018833.json?key=vPShB3R1Onp4yZdVwGNnVBcd7eZYI5N HTTP/1.1" 200 284094
2026-04-10 18:12:00,128 INFO:api_client:MainThread:Файл 17758336018833.json: обработано 4300 лотов
2026-04-10 18:12:00,128 INFO:api_client:MainThread:Загрузка файла 39/133: 17758336023076.json
2026-04-10 18:12:00,131 DEBUG:urllib3.connectionpool:MainThread:Resetting dropped connection: market.csgo.com
2026-04-10 18:12:01,254 DEBUG:urllib3.connectionpool:MainThread:https://market.csgo.com:443 "GET /api/full-export/17758336023076.json?key=vPShB3R1Onp4yZdVwGNnVBcd7eZYI5N HTTP/1.1" 200 294923
2026-04-10 18:12:02,357 INFO:api_client:MainThread:Файл 17758336023076.json: обработано 6582 лотов
2026-04-10 18:12:02,357 INFO:api_client:MainThread:Загрузка файла 40/133: 17758336027921.json
2026-04-10 18:12:02,359 DEBUG:urllib3.connectionpool:MainThread:Resetting dropped connection: market.csgo.com
2026-04-10 18:12:03,524 DEBUG:urllib3.connectionpool:MainThread:https://market.csgo.com:443 "GET /api/full-export/17758336027921.json?key=vPShB3R1Onp4yZdVwGNnVBcd7eZYI5N HTTP/1.1" 200 386642
2026-04-10 18:12:04,719 INFO:api_client:MainThread:Файл 17758336027921.json: обработано 8230 лотов
2026-04-10 18:12:04,720 INFO:api_client:MainThread:Загрузка файла 41/133: 17758336032965.json
2026-04-10 18:12:04,722 DEBUG:urllib3.connectionpool:MainThread:Resetting dropped connection: market.csgo.com
2026-04-10 18:12:05,824 DEBUG:urllib3.connectionpool:MainThread:https://market.csgo.com:443 "GET /api/full-export/17758336032965.json?key=vPShB3R1Onp4yZdVwGNnVBcd7eZYI5N HTTP/1.1" 200 427176
2026-04-10 18:12:06,652 INFO:api_client:MainThread:Файл 17758336032965.json: обработано 7715 лотов
2026-04-10 18:12:06,653 INFO:api_client:MainThread:Загрузка файла 42/133: 17758336038182.json
2026-04-10 18:12:06,655 DEBUG:urllib3.connectionpool:MainThread:Resetting dropped connection: market.csgo.com
2026-04-10 18:12:07,770 DEBUG:urllib3.connectionpool:MainThread:https://market.csgo.com:443 "GET /api/full-export/17758336038182.json?key=vPShB3R1Onp4yZdVwGNnVBcd7eZYI5N HTTP/1.1" 200 386990
2026-04-10 18:12:08,979 INFO:api_client:MainThread:Файл 17758336038182.json: обработано 8670 лотов
2026-04-10 18:12:08,980 INFO:api_client:MainThread:Загрузка файла 43/133: 17758336043437.json
2026-04-10 18:12:08,982 DEBUG:urllib3.connectionpool:MainThread:Resetting dropped connection: market.csgo.com
2026-04-10 18:12:10,220 DEBUG:urllib3.connectionpool:MainThread:https://market.csgo.com:443 "GET /api/full-export/17758336043437.json?key=vPShB3R1Onp4yZdVwGNnVBcd7eZYI5N HTTP/1.1" 200 377293
2026-04-10 18:12:11,514 INFO:api_client:MainThread:Файл 17758336043437.json: обработано 8340 лотов
2026-04-10 18:12:11,514 INFO:api_client:MainThread:Загрузка файла 44/133: 17758336048081.json
2026-04-10 18:12:11,515 DEBUG:urllib3.connectionpool:MainThread:Resetting dropped connection: market.csgo.com
2026-04-10 18:12:12,014 DEBUG:urllib3.connectionpool:MainThread:https://market.csgo.com:443 "GET /api/full-export/17758336048081.json?key=vPShB3R1Onp4yZdVwGNnVBcd7eZYI5N HTTP/1.1" 200 331517
2026-04-10 18:12:12,554 INFO:api_client:MainThread:Файл 17758336048081.json: обработано 6449 лотов
2026-04-10 18:12:12,554 INFO:api_client:MainThread:Загрузка файла 45/133: 17758336053076.json
2026-04-10 18:12:12,555 DEBUG:urllib3.connectionpool:MainThread:Resetting dropped connection: market.csgo.com
2026-04-10 18:12:13,045 DEBUG:urllib3.connectionpool:MainThread:https://market.csgo.com:443 "GET /api/full-export/17758336053076.json?key=vPShB3R1Onp4yZdVwGNnVBcd7eZYI5N HTTP/1.1" 200 343546
2026-04-10 18:12:13,603 INFO:api_client:MainThread:Файл 17758336053076.json: обработано 6124 лотов
2026-04-10 18:12:13,603 INFO:api_client:MainThread:Загрузка файла 46/133: 17758336057508.json
2026-04-10 18:12:13,604 DEBUG:urllib3.connectionpool:MainThread:Resetting dropped connection: market.csgo.com
2026-04-10 18:12:14,076 DEBUG:urllib3.connectionpool:MainThread:https://market.csgo.com:443 "GET /api/full-export/17758336057508.json?key=vPShB3R1Onp4yZdVwGNnVBcd7eZYI5N HTTP/1.1" 200 288168
2026-04-10 18:12:14,411 INFO:api_client:MainThread:Файл 17758336057508.json: обработано 6120 лотов
2026-04-10 18:12:14,411 INFO:api_client:MainThread:Загрузка файла 47/133: 17758336061924.json
2026-04-10 18:12:14,412 DEBUG:urllib3.connectionpool:MainThread:Resetting dropped connection: market.csgo.com
2026-04-10 18:12:14,858 DEBUG:urllib3.connectionpool:MainThread:https://market.csgo.com:443 "GET /api/full-export/17758336061924.json?key=vPShB3R1Onp4yZdVwGNnVBcd7eZYI5N HTTP/1.1" 200 323175
2026-04-10 18:12:15,173 INFO:api_client:MainThread:Файл 17758336061924.json: обработано 6394 лотов
2026-04-10 18:12:15,173 INFO:api_client:MainThread:Загрузка файла 48/133: 17758336066791.json
2026-04-10 18:12:15,174 DEBUG:urllib3.connectionpool:MainThread:Resetting dropped connection: market.csgo.com
2026-04-11 10:25:15,364 INFO:root:MainThread:Loaded env file: D:\vibe projects\crafty\.env (HUNT_DEBUG=1)
2026-04-11 10:25:15,368 INFO:root:MainThread:TargetHuntingService env loaded: D:\vibe projects\crafty\.env (HUNT_DEBUG=1)
2026-04-11 10:25:15,375 INFO:bot_service:MainThread:Initializing TargetHuntingService...
2026-04-11 10:25:15,454 INFO:database:MainThread:Загружено 90 коллекций и 1981 скинов
2026-04-11 10:25:15,458 INFO:api_client:MainThread:Disk price cache found: path=D:\vibe projects\crafty\market_prices_cache.pkl.gz size_bytes=6312520 mtime=1775890378.662106
2026-04-11 10:25:15,692 INFO:api_client:MainThread:Кэш цен успешно загружен с диска
2026-04-11 10:25:15,692 INFO:bot_service:MainThread:Price manager initialized in 0.2s
2026-04-11 10:25:15,692 INFO:bot_service:MainThread:Initialized TargetHuntingService OK
2026-04-11 10:25:15,697 INFO:api_client:Thread-1 (_worker):Используем кэшированные цены
2026-04-11 10:25:15,697 INFO:__main__:MainThread:Telegram bot starting...
2026-04-11 10:25:15,697 INFO:bot_service:Thread-1 (_worker):Refreshing mode=PROFIT (calc_mode=PROFIT)...
2026-04-11 10:25:15,698 INFO:__main__:MainThread:Telegram proxy: http://ZXUN6PJhNX:***@194.31.73.201:32031
2026-04-11 10:25:15,790 INFO:calculator:Thread-1 (_worker):HuntDebug Revolution: rarity=Industrial ST=N imb=1.2401921537229783 min_imb=1.0
2026-04-11 10:25:15,791 INFO:calculator:Thread-1 (_worker):HuntDebug Revolution: best_wear=Factory New outs=7 priced_outs=7 outcomes_count=7 prices=[1.549, 1.32, 1.268, 1.249, 1.229]
2026-04-11 10:25:15,825 INFO:root:Thread-1 (_worker):RankTargets rarity=Industrial mode=N/A: collections=90 passed_imb=79 min_imb=1.0 targets=400 (max_targets=400) ST=N
2026-04-11 10:25:15,839 DEBUG:urllib3.connectionpool:Thread-1 (_worker):Starting new HTTPS connection (1): market.csgo.com:443
2026-04-11 10:25:16,694 DEBUG:urllib3.connectionpool:Thread-1 (_worker):https://market.csgo.com:443 "GET /api/v2/full-history/all.json?key=vPShB3R1Onp4yZdVwGNnVBcd7eZYI5N HTTP/1.1" 200 None
2026-04-11 10:25:16,979 INFO:__main__:MainThread:Telegram bot polling starting...
2026-04-11 10:25:16,980 DEBUG:asyncio:MainThread:Using proactor: IocpProactor
2026-04-11 10:25:17,164 DEBUG:urllib3.connectionpool:Thread-1 (_worker):https://market.csgo.com:443 "GET /api/v2/full-history/251549.json?key=vPShB3R1Onp4yZdVwGNnVBcd7eZYI5N HTTP/1.1" 200 None
2026-04-11 10:25:17,449 INFO:telegram.ext.Application:MainThread:Application started
2026-04-11 10:25:17,687 DEBUG:urllib3.connectionpool:Thread-1 (_worker):https://market.csgo.com:443 "GET /api/v2/full-history/212054.json?key=vPShB3R1Onp4yZdVwGNnVBcd7eZYI5N HTTP/1.1" 200 None
2026-04-11 10:25:18,891 DEBUG:urllib3.connectionpool:Thread-1 (_worker):https://market.csgo.com:443 "GET /api/v2/full-history/181449.json?key=vPShB3R1Onp4yZdVwGNnVBcd7eZYI5N HTTP/1.1" 200 None
2026-04-11 10:25:19,043 DEBUG:urllib3.connectionpool:Thread-1 (_worker):https://market.csgo.com:443 "GET /api/v2/full-history/141544.json?key=vPShB3R1Onp4yZdVwGNnVBcd7eZYI5N HTTP/1.1" 200 None
2026-04-11 10:25:19,557 DEBUG:urllib3.connectionpool:Thread-1 (_worker):https://market.csgo.com:443 "GET /api/v2/full-history/285304.json?key=vPShB3R1Onp4yZdVwGNnVBcd7eZYI5N HTTP/1.1" 200 None
2026-04-11 10:25:20,450 DEBUG:urllib3.connectionpool:Thread-1 (_worker):https://market.csgo.com:443 "GET /api/v2/full-history/69584.json?key=vPShB3R1Onp4yZdVwGNnVBcd7eZYI5N HTTP/1.1" 200 None
2026-04-11 10:25:20,559 DEBUG:urllib3.connectionpool:Thread-1 (_worker):https://market.csgo.com:443 "GET /api/v2/full-history/168414.json?key=vPShB3R1Onp4yZdVwGNnVBcd7eZYI5N HTTP/1.1" 200 None
2026-04-11 10:25:21,064 DEBUG:urllib3.connectionpool:Thread-1 (_worker):https://market.csgo.com:443 "GET /api/v2/full-history/107024.json?key=vPShB3R1Onp4yZdVwGNnVBcd7eZYI5N HTTP/1.1" 200 None
2026-04-11 10:25:21,579 DEBUG:urllib3.connectionpool:Thread-1 (_worker):https://market.csgo.com:443 "GET /api/v2/full-history/178684.json?key=vPShB3R1Onp4yZdVwGNnVBcd7eZYI5N HTTP/1.1" 200 None
2026-04-11 10:25:22,071 DEBUG:urllib3.connectionpool:Thread-1 (_worker):https://market.csgo.com:443 "GET /api/v2/full-history/147319.json?key=vPShB3R1Onp4yZdVwGNnVBcd7eZYI5N HTTP/1.1" 200 None
2026-04-11 10:25:22,571 DEBUG:urllib3.connectionpool:Thread-1 (_worker):https://market.csgo.com:443 "GET /api/v2/full-history/143849.json?key=vPShB3R1Onp4yZdVwGNnVBcd7eZYI5N HTTP/1.1" 200 None
2026-04-11 10:25:23,056 DEBUG:urllib3.connectionpool:Thread-1 (_worker):https://market.csgo.com:443 "GET /api/v2/full-history/134619.json?key=vPShB3R1Onp4yZdVwGNnVBcd7eZYI5N HTTP/1.1" 200 None
2026-04-11 10:25:23,564 DEBUG:urllib3.connectionpool:Thread-1 (_worker):https://market.csgo.com:443 "GET /api/v2/full-history/144239.json?key=vPShB3R1Onp4yZdVwGNnVBcd7eZYI5N HTTP/1.1" 200 None
2026-04-11 10:25:24,065 DEBUG:urllib3.connectionpool:Thread-1 (_worker):https://market.csgo.com:443 "GET /api/v2/full-history/114394.json?key=vPShB3R1Onp4yZdVwGNnVBcd7eZYI5N HTTP/1.1" 200 None
2026-04-11 10:25:24,770 DEBUG:urllib3.connectionpool:Thread-1 (_worker):https://market.csgo.com:443 "GET /api/v2/full-history/145744.json?key=vPShB3R1Onp4yZdVwGNnVBcd7eZYI5N HTTP/1.1" 200 None
2026-04-11 10:25:25,059 DEBUG:urllib3.connectionpool:Thread-1 (_worker):https://market.csgo.com:443 "GET /api/v2/full-history/405876.json?key=vPShB3R1Onp4yZdVwGNnVBcd7eZYI5N HTTP/1.1" 200 None
